Looking for git in: /usr/local/bin/git
Using git 2.21.0 from /usr/local/bin/git
> git rev-parse --show-toplevel
> git config --get commit.template
Open repository: /Users/haydenbradshaw
> git status -z -u
> git check-ignore -z --stdin
> git show :GA/a
> git ls-files --stage -- GA/
> git show :GA/build
> git ls-files --stage -- GA/
> git show :GA/game
> git ls-files --stage -- GA/
> git show :GA/build
> git ls-files --stage -- GA/
> git show :GA/a
> git ls-files --stage -- GA/
> git symbolic-ref --short HEAD
> git rev-parse master
fatal: ambiguous argument 'master': unknown revision or path not in the working tree.
Use '--' to separate paths from revisions, like this:
'git <command> [<revision>...] -- [<file>...]'
> git for-each-ref --format %(refname) %(objectname) --sort -committerdate
> git remote --verbose
> git show :GA/build
> git ls-files --stage -- GA/
> git show :GA/game
> git ls-files --stage -- GA/
> git show :GA/a
> git ls-files --stage -- GA/
> git check-ignore -z --stdin
