[2019-04-25 17:09:19.127] [renderer5] [error] TypeScript Server Error (3.4.3)
Debug Failure. False expression: Containing file should be a module.
Error: Debug Failure. False expression: Containing file should be a module.
    at checkImportMetaProperty (tsserver.js:51228:22)
    at checkMetaProperty (tsserver.js:51203:24)
    at checkExpressionWorker (tsserver.js:53075:28)
    at checkExpression (tsserver.js:52979:38)
    at getTypeOfExpression (tsserver.js:52956:58)
    at getContextualTypeForBinaryOperand (tsserver.js:47633:56)
    at getContextualType (tsserver.js:47950:28)
    at Object.getContextualType (tsserver.js:31301:31)
    at Object.getContextualTypeFromParent (tsserver.js:96896:31)
    at fromContextualType (tsserver.js:98041:83)
    at getStringLiteralCompletionEntries (tsserver.js:98036:32)
    at Object.getStringLiteralCompletions (tsserver.js:97882:59)
    at Object.getCompletionsAtPosition (tsserver.js:98573:67)
    at Object.getCompletionsAtPosition (tsserver.js:120933:35)
    at IOSession.Session.getCompletions (tsserver.js:129956:64)
    at Session.handlers.ts.createMapFromTemplate._a.(anonymous function) (tsserver.js:128912:61)
    at tsserver.js:130454:88
    at IOSession.Session.executeWithRequestId (tsserver.js:130445:28)
    at IOSession.Session.executeCommand (tsserver.js:130454:33)
    at IOSession.Session.onMessage (tsserver.js:130476:35)
    at Interface.<anonymous> (tsserver.js:131773:27)
    at Interface.emit (events.js:182:13)
    at Interface._onLine (readline.js:290:10)
    at Interface._normalWrite (readline.js:433:12)
    at Socket.ondata (readline.js:149:10)
    at Socket.emit (events.js:182:13)
    at addChunk (_stream_readable.js:279:12)
    at readableAddChunk (_stream_readable.js:264:11)
    at Socket.Readable.push (_stream_readable.js:219:10)
    at Pipe.onread (net.js:636:20): Error: TypeScript Server Error (3.4.3)
Debug Failure. False expression: Containing file should be a module.
Error: Debug Failure. False expression: Containing file should be a module.
    at checkImportMetaProperty (tsserver.js:51228:22)
    at checkMetaProperty (tsserver.js:51203:24)
    at checkExpressionWorker (tsserver.js:53075:28)
    at checkExpression (tsserver.js:52979:38)
    at getTypeOfExpression (tsserver.js:52956:58)
    at getContextualTypeForBinaryOperand (tsserver.js:47633:56)
    at getContextualType (tsserver.js:47950:28)
    at Object.getContextualType (tsserver.js:31301:31)
    at Object.getContextualTypeFromParent (tsserver.js:96896:31)
    at fromContextualType (tsserver.js:98041:83)
    at getStringLiteralCompletionEntries (tsserver.js:98036:32)
    at Object.getStringLiteralCompletions (tsserver.js:97882:59)
    at Object.getCompletionsAtPosition (tsserver.js:98573:67)
    at Object.getCompletionsAtPosition (tsserver.js:120933:35)
    at IOSession.Session.getCompletions (tsserver.js:129956:64)
    at Session.handlers.ts.createMapFromTemplate._a.(anonymous function) (tsserver.js:128912:61)
    at tsserver.js:130454:88
    at IOSession.Session.executeWithRequestId (tsserver.js:130445:28)
    at IOSession.Session.executeCommand (tsserver.js:130454:33)
    at IOSession.Session.onMessage (tsserver.js:130476:35)
    at Interface.<anonymous> (tsserver.js:131773:27)
    at Interface.emit (events.js:182:13)
    at Interface._onLine (readline.js:290:10)
    at Interface._normalWrite (readline.js:433:12)
    at Socket.ondata (readline.js:149:10)
    at Socket.emit (events.js:182:13)
    at addChunk (_stream_readable.js:279:12)
    at readableAddChunk (_stream_readable.js:264:11)
    at Socket.Readable.push (_stream_readable.js:219:10)
    at Pipe.onread (net.js:636:20)
	at Function.create (/Applications/Visual Studio Code.app/Contents/Resources/app/extensions/typescript-language-features/dist/extension.js:1:174464)
	at v.dispatchResponse (/Applications/Visual Studio Code.app/Contents/Resources/app/extensions/typescript-language-features/dist/extension.js:1:179770)
	at v.dispatchMessage (/Applications/Visual Studio Code.app/Contents/Resources/app/extensions/typescript-language-features/dist/extension.js:1:178522)
	at constructor._reader.onData.e (/Applications/Visual Studio Code.app/Contents/Resources/app/extensions/typescript-language-features/dist/extension.js:1:177878)
	at u.fire (/Applications/Visual Studio Code.app/Contents/Resources/app/out/vs/workbench/services/extensions/node/extensionHostProcess.js:44:708)
	at t.Reader.onLengthData (/Applications/Visual Studio Code.app/Contents/Resources/app/extensions/typescript-language-features/dist/extension.js:1:183738)
	at Socket.t.Reader.constructor.e.on.e (/Applications/Visual Studio Code.app/Contents/Resources/app/extensions/typescript-language-features/dist/extension.js:1:183386)
	at Socket.emit (events.js:182:13)
	at addChunk (_stream_readable.js:279:12)
	at readableAddChunk (_stream_readable.js:264:11)
	at Socket.Readable.push (_stream_readable.js:219:10)
	at Pipe.onread (net.js:636:20)
