
fsck_hfs started at Mon Apr 22 21:32:46 2019
** /dev/rdisk2s2 (NO WRITE)
   Executing fsck_hfs (version hfs-407.200.4).
** Checking non-journaled HFS Plus Volume.
   The volume name is Google Chrome
** Checking extents overflow file.
** Checking catalog file.
** Checking multi-linked files.
** Checking catalog hierarchy.
** Checking volume bitmap.
** Checking volume information.
** The volume Google Chrome appears to be OK.
fsck_hfs completed at Mon Apr 22 21:32:46 2019


fsck_hfs started at Mon Apr 22 22:11:38 2019
** /dev/rdisk3s1 (NO WRITE)
   Executing fsck_hfs (version hfs-407.200.4).
** Checking non-journaled HFS Plus Volume.
   The volume name is Slack.app
** Checking extents overflow file.
** Checking catalog file.
** Checking multi-linked files.
** Checking catalog hierarchy.
** Checking extended attributes file.
** Checking volume bitmap.
** Checking volume information.
** The volume Slack.app appears to be OK.
fsck_hfs completed at Mon Apr 22 22:11:38 2019


fsck_hfs started at Wed Apr 24 09:28:23 2019
** /dev/rdisk2s1 (NO WRITE)
   Executing fsck_hfs (version hfs-407.200.4).
** Checking non-journaled HFS Plus Volume.
   The volume name is Discord
** Checking extents overflow file.
** Checking catalog file.
** Checking multi-linked files.
** Checking catalog hierarchy.
** Checking extended attributes file.
** Checking volume bitmap.
** Checking volume information.
** The volume Discord appears to be OK.
fsck_hfs completed at Wed Apr 24 09:28:23 2019

