[2019-04-26 10:56:13.559] [exthost] [info] extension host started
[2019-04-26 10:56:13.582] [exthost] [info] ExtensionService#_doActivateExtension vscode.debug-auto-launch {"startup":true,"activationEvent":"*"}
[2019-04-26 10:56:13.582] [exthost] [info] ExtensionService#loadCommonJSModule /Applications/Visual Studio Code.app/Contents/Resources/app/extensions/debug-auto-launch/dist/extension
[2019-04-26 10:56:13.584] [exthost] [info] ExtensionService#_doActivateExtension vscode.emmet {"startup":true,"activationEvent":"*"}
[2019-04-26 10:56:13.584] [exthost] [info] ExtensionService#loadCommonJSModule /Applications/Visual Studio Code.app/Contents/Resources/app/extensions/emmet/dist/extension
[2019-04-26 10:56:13.588] [exthost] [info] ExtensionService#_doActivateExtension vscode.git {"startup":true,"activationEvent":"*"}
[2019-04-26 10:56:13.588] [exthost] [info] ExtensionService#loadCommonJSModule /Applications/Visual Studio Code.app/Contents/Resources/app/extensions/git/dist/main
[2019-04-26 10:56:13.611] [exthost] [info] ExtensionService#_doActivateExtension vscode.merge-conflict {"startup":true,"activationEvent":"*"}
[2019-04-26 10:56:13.611] [exthost] [info] ExtensionService#loadCommonJSModule /Applications/Visual Studio Code.app/Contents/Resources/app/extensions/merge-conflict/dist/extension
[2019-04-26 10:56:13.614] [exthost] [info] eager extensions activated
[2019-04-26 12:53:28.739] [exthost] [info] ExtensionService#_doActivateExtension vscode.html-language-features {"startup":false,"activationEvent":"onLanguage:html"}
[2019-04-26 12:53:28.739] [exthost] [info] ExtensionService#loadCommonJSModule /Applications/Visual Studio Code.app/Contents/Resources/app/extensions/html-language-features/client/dist/htmlMain
[2019-04-26 12:56:18.473] [exthost] [info] ExtensionService#_doActivateExtension vscode.typescript-language-features {"startup":false,"activationEvent":"onLanguage:javascript"}
[2019-04-26 12:56:18.473] [exthost] [info] ExtensionService#loadCommonJSModule /Applications/Visual Studio Code.app/Contents/Resources/app/extensions/typescript-language-features/dist/extension
[2019-04-26 12:57:23.565] [exthost] [info] ExtensionService#_doActivateExtension vscode.css-language-features {"startup":false,"activationEvent":"onLanguage:css"}
[2019-04-26 12:57:23.565] [exthost] [info] ExtensionService#loadCommonJSModule /Applications/Visual Studio Code.app/Contents/Resources/app/extensions/css-language-features/client/dist/cssMain
[2019-04-26 14:05:26.082] [exthost] [info] ExtensionService#_doActivateExtension techer.open-in-browser {"startup":false,"activationEvent":"onCommand:extension.openInDefaultBrowser"}
[2019-04-26 14:05:26.083] [exthost] [info] ExtensionService#loadCommonJSModule /Users/haydenbradshaw/.vscode/extensions/techer.open-in-browser-2.0.0/out/extension
[2019-04-26 15:17:40.052] [exthost] [info] ExtensionService#_doActivateExtension vscode.extension-editing {"startup":false,"activationEvent":"onLanguage:typescript"}
[2019-04-26 15:17:40.053] [exthost] [info] ExtensionService#loadCommonJSModule /Applications/Visual Studio Code.app/Contents/Resources/app/extensions/extension-editing/dist/extension
[2019-04-26 16:21:23.867] [exthost] [info] ExtensionService#_doActivateExtension vscode.configuration-editing {"startup":false,"activationEvent":"onLanguage:jsonc"}
[2019-04-26 16:21:23.867] [exthost] [info] ExtensionService#loadCommonJSModule /Applications/Visual Studio Code.app/Contents/Resources/app/extensions/configuration-editing/dist/extension
[2019-04-26 16:21:23.885] [exthost] [info] ExtensionService#_doActivateExtension vscode.json-language-features {"startup":false,"activationEvent":"onLanguage:jsonc"}
[2019-04-26 16:21:23.885] [exthost] [info] ExtensionService#loadCommonJSModule /Applications/Visual Studio Code.app/Contents/Resources/app/extensions/json-language-features/client/dist/jsonMain
