[Modules] Modules initializing
[Modules] Distribution: remote
[Modules] Host updates: enabled
[Modules] Module updates: enabled
[Modules] Module install path: /Users/haydenbradshaw/Library/Application Support/discord/0.0.255/modules
[Modules] Module installed file path: /Users/haydenbradshaw/Library/Application Support/discord/0.0.255/modules/installed.json
[Modules] Module download path: /Users/haydenbradshaw/Library/Application Support/discord/0.0.255/modules/pending
[Modules] Bootstrapping...
[Modules] Installing discord_desktop_core@0 from /Applications/Discord.app/Contents/Resources/bootstrap/discord_desktop_core.zip
[Modules] Failed installing discord_desktop_core@0: Error: ENOENT: no such file or directory, open '/Applications/Discord.app/Contents/Resources/bootstrap/discord_desktop_core.zip'
[Modules] Installing discord_erlpack@0 from /Applications/Discord.app/Contents/Resources/bootstrap/discord_erlpack.zip
[Modules] Failed installing discord_erlpack@0: Error: ENOENT: no such file or directory, open '/Applications/Discord.app/Contents/Resources/bootstrap/discord_erlpack.zip'
[Modules] Installing discord_spellcheck@0 from /Applications/Discord.app/Contents/Resources/bootstrap/discord_spellcheck.zip
[Modules] Failed installing discord_spellcheck@0: Error: ENOENT: no such file or directory, open '/Applications/Discord.app/Contents/Resources/bootstrap/discord_spellcheck.zip'
[Modules] Installing discord_utils@0 from /Applications/Discord.app/Contents/Resources/bootstrap/discord_utils.zip
[Modules] Failed installing discord_utils@0: Error: ENOENT: no such file or directory, open '/Applications/Discord.app/Contents/Resources/bootstrap/discord_utils.zip'
[Modules] Installing discord_voice@0 from /Applications/Discord.app/Contents/Resources/bootstrap/discord_voice.zip
[Modules] Failed installing discord_voice@0: Error: ENOENT: no such file or directory, open '/Applications/Discord.app/Contents/Resources/bootstrap/discord_voice.zip'
[Modules] Finished module installations. [success: 0] [failure: 5]
[Modules] Checking for host updates.
[Modules] Host is up to date.
[Modules] Checking for module updates at https://discordapp.com/api/modules/stable/versions.json
[Modules] Module update available: discord_desktop_core@1 [installed: 0]
[Modules] Module update available: discord_erlpack@1 [installed: 0]
[Modules] Module update available: discord_spellcheck@1 [installed: 0]
[Modules] Module update available: discord_utils@1 [installed: 0]
[Modules] Module update available: discord_voice@1 [installed: 0]
[Modules] Fetching discord_desktop_core@1 from https://discordapp.com/api/modules/stable/discord_desktop_core/1
[Modules] Streaming discord_desktop_core@1 [1638876 bytes] to /Users/haydenbradshaw/Library/Application Support/discord/0.0.255/modules/pending/discord_desktop_core-1.zip
[Modules] Fetching discord_erlpack@1 from https://discordapp.com/api/modules/stable/discord_erlpack/1
[Modules] Streaming discord_erlpack@1 [17639 bytes] to /Users/haydenbradshaw/Library/Application Support/discord/0.0.255/modules/pending/discord_erlpack-1.zip
[Modules] Fetching discord_spellcheck@1 from https://discordapp.com/api/modules/stable/discord_spellcheck/1
[Modules] Streaming discord_spellcheck@1 [5290228 bytes] to /Users/haydenbradshaw/Library/Application Support/discord/0.0.255/modules/pending/discord_spellcheck-1.zip
[Modules] Fetching discord_utils@1 from https://discordapp.com/api/modules/stable/discord_utils/1
[Modules] Streaming discord_utils@1 [99466 bytes] to /Users/haydenbradshaw/Library/Application Support/discord/0.0.255/modules/pending/discord_utils-1.zip
[Modules] Fetching discord_voice@1 from https://discordapp.com/api/modules/stable/discord_voice/1
[Modules] Streaming discord_voice@1 [5526087 bytes] to /Users/haydenbradshaw/Library/Application Support/discord/0.0.255/modules/pending/discord_voice-1.zip
[Modules] Finished module downloads. [success: 5] [failure: 0]
[Modules] Relaunching to install module updates...
[Modules] Modules initializing
[Modules] Distribution: remote
[Modules] Host updates: enabled
[Modules] Module updates: enabled
[Modules] Module install path: /Users/haydenbradshaw/Library/Application Support/discord/0.0.255/modules
[Modules] Module installed file path: /Users/haydenbradshaw/Library/Application Support/discord/0.0.255/modules/installed.json
[Modules] Module download path: /Users/haydenbradshaw/Library/Application Support/discord/0.0.255/modules/pending
[Modules] Installing updates...
[Modules] Installing discord_desktop_core@1 from /Users/haydenbradshaw/Library/Application Support/discord/0.0.255/modules/pending/discord_desktop_core-1.zip
[Modules] Installing discord_erlpack@1 from /Users/haydenbradshaw/Library/Application Support/discord/0.0.255/modules/pending/discord_erlpack-1.zip
[Modules] Installing discord_spellcheck@1 from /Users/haydenbradshaw/Library/Application Support/discord/0.0.255/modules/pending/discord_spellcheck-1.zip
[Modules] Installing discord_utils@1 from /Users/haydenbradshaw/Library/Application Support/discord/0.0.255/modules/pending/discord_utils-1.zip
[Modules] Installing discord_voice@1 from /Users/haydenbradshaw/Library/Application Support/discord/0.0.255/modules/pending/discord_voice-1.zip
[Modules] Finished module installations. [success: 5] [failure: 0]
[Modules] Checking for host updates.
[Modules] Host is up to date.
[Modules] Checking for module updates at https://discordapp.com/api/modules/stable/versions.json
[Modules] No module updates available.
[Modules] Starting to install discord_game_utils...
[Modules] Fetching discord_game_utils@1 from https://discordapp.com/api/modules/stable/discord_game_utils/1
[Modules] Starting to install discord_cloudsync...
[Modules] Streaming discord_game_utils@1 [101706 bytes] to /Users/haydenbradshaw/Library/Application Support/discord/0.0.255/modules/pending/discord_game_utils-1.zip
[Modules] Fetching discord_cloudsync@1 from https://discordapp.com/api/modules/stable/discord_cloudsync/1
[Modules] Installing discord_game_utils@1 from /Users/haydenbradshaw/Library/Application Support/discord/0.0.255/modules/pending/discord_game_utils-1.zip
[Modules] Finished module installations. [success: 1] [failure: 0]
[Modules] Checking for host updates.
[Modules] Host is up to date.
[Modules] Checking for module updates at https://discordapp.com/api/modules/stable/versions.json
[Modules] No module updates available.
[Modules] Streaming discord_cloudsync@1 [3256976 bytes] to /Users/haydenbradshaw/Library/Application Support/discord/0.0.255/modules/pending/discord_cloudsync-1.zip
[Modules] Starting to install discord_rpc...
[Modules] Fetching discord_rpc@2 from https://discordapp.com/api/modules/stable/discord_rpc/2
[Modules] Installing discord_cloudsync@1 from /Users/haydenbradshaw/Library/Application Support/discord/0.0.255/modules/pending/discord_cloudsync-1.zip
[Modules] Streaming discord_rpc@2 [143833 bytes] to /Users/haydenbradshaw/Library/Application Support/discord/0.0.255/modules/pending/discord_rpc-2.zip
[Modules] Finished module downloads. [success: 3] [failure: 0]
[Modules] Installing discord_rpc@2 from /Users/haydenbradshaw/Library/Application Support/discord/0.0.255/modules/pending/discord_rpc-2.zip
[Modules] Finished module installations. [success: 2] [failure: 0]
[Modules] Checking for host updates.
[Modules] Host is up to date.
[Modules] Checking for module updates at https://discordapp.com/api/modules/stable/versions.json
[Modules] No module updates available.
[Modules] Checking for host updates.
[Modules] Host is up to date.
[Modules] Checking for module updates at https://discordapp.com/api/modules/stable/versions.json
[Modules] No module updates available.
[Modules] Starting to install discord_contact_import...
[Modules] Fetching discord_contact_import@1 from https://discordapp.com/api/modules/stable/discord_contact_import/1
[Modules] Streaming discord_contact_import@1 [848262 bytes] to /Users/haydenbradshaw/Library/Application Support/discord/0.0.255/modules/pending/discord_contact_import-1.zip
[Modules] Finished module downloads. [success: 1] [failure: 0]
[Modules] Installing discord_contact_import@1 from /Users/haydenbradshaw/Library/Application Support/discord/0.0.255/modules/pending/discord_contact_import-1.zip
[Modules] Finished module installations. [success: 1] [failure: 0]
[Modules] Checking for host updates.
[Modules] Host is up to date.
[Modules] Checking for module updates at https://discordapp.com/api/modules/stable/versions.json
[Modules] No module updates available.
[Modules] Checking for host updates.
[Modules] Host is up to date.
[Modules] Checking for module updates at https://discordapp.com/api/modules/stable/versions.json
[Modules] No module updates available.
[Modules] Checking for host updates.
[Modules] Host is up to date.
[Modules] Checking for module updates at https://discordapp.com/api/modules/stable/versions.json
[Modules] No module updates available.
[Modules] Checking for host updates.
[Modules] Host is up to date.
[Modules] Checking for module updates at https://discordapp.com/api/modules/stable/versions.json
[Modules] No module updates available.
[Modules] Checking for host updates.
[Modules] Host is up to date.
[Modules] Checking for module updates at https://discordapp.com/api/modules/stable/versions.json
[Modules] No module updates available.
[Modules] Checking for host updates.
[Modules] Host is up to date.
[Modules] Checking for module updates at https://discordapp.com/api/modules/stable/versions.json
[Modules] No module updates available.
[Modules] Checking for host updates.
[Modules] Host is up to date.
[Modules] Checking for module updates at https://discordapp.com/api/modules/stable/versions.json
[Modules] No module updates available.
[Modules] Checking for host updates.
[Modules] Host is up to date.
[Modules] Checking for module updates at https://discordapp.com/api/modules/stable/versions.json
[Modules] No module updates available.
[Modules] Checking for host updates.
[Modules] Host is up to date.
[Modules] Checking for module updates at https://discordapp.com/api/modules/stable/versions.json
[Modules] No module updates available.
[Modules] Checking for host updates.
[Modules] Host is up to date.
[Modules] Checking for module updates at https://discordapp.com/api/modules/stable/versions.json
[Modules] No module updates available.
[Modules] Checking for host updates.
[Modules] Host is up to date.
[Modules] Checking for module updates at https://discordapp.com/api/modules/stable/versions.json
[Modules] No module updates available.
[Modules] Checking for host updates.
[Modules] Host is up to date.
[Modules] Checking for module updates at https://discordapp.com/api/modules/stable/versions.json
[Modules] No module updates available.
[Modules] Checking for host updates.
[Modules] Host is up to date.
[Modules] Checking for module updates at https://discordapp.com/api/modules/stable/versions.json
[Modules] No module updates available.
[Modules] Checking for host updates.
[Modules] Host is up to date.
[Modules] Checking for module updates at https://discordapp.com/api/modules/stable/versions.json
[Modules] No module updates available.
[Modules] Checking for host updates.
[Modules] Host is up to date.
[Modules] Checking for module updates at https://discordapp.com/api/modules/stable/versions.json
[Modules] No module updates available.
[Modules] Checking for host updates.
[Modules] Host is up to date.
[Modules] Checking for module updates at https://discordapp.com/api/modules/stable/versions.json
[Modules] No module updates available.
[Modules] Checking for host updates.
[Modules] Host is up to date.
[Modules] Checking for module updates at https://discordapp.com/api/modules/stable/versions.json
[Modules] No module updates available.
[Modules] Checking for host updates.
[Modules] Host is up to date.
[Modules] Checking for module updates at https://discordapp.com/api/modules/stable/versions.json
[Modules] No module updates available.
[Modules] Checking for host updates.
[Modules] Host is up to date.
[Modules] Checking for module updates at https://discordapp.com/api/modules/stable/versions.json
[Modules] No module updates available.
[Modules] Checking for host updates.
[Modules] Host is up to date.
[Modules] Checking for module updates at https://discordapp.com/api/modules/stable/versions.json
[Modules] No module updates available.
[Modules] Checking for host updates.
[Modules] Host is up to date.
[Modules] Checking for module updates at https://discordapp.com/api/modules/stable/versions.json
[Modules] No module updates available.
[Modules] Checking for host updates.
[Modules] Host is up to date.
[Modules] Checking for module updates at https://discordapp.com/api/modules/stable/versions.json
[Modules] No module updates available.
[Modules] Checking for host updates.
[Modules] Host is up to date.
[Modules] Checking for module updates at https://discordapp.com/api/modules/stable/versions.json
[Modules] No module updates available.
[Modules] Checking for host updates.
[Modules] Host is up to date.
[Modules] Checking for module updates at https://discordapp.com/api/modules/stable/versions.json
[Modules] No module updates available.
[Modules] Checking for host updates.
[Modules] Host is up to date.
[Modules] Checking for module updates at https://discordapp.com/api/modules/stable/versions.json
[Modules] No module updates available.
[Modules] Checking for host updates.
[Modules] Host is up to date.
[Modules] Checking for module updates at https://discordapp.com/api/modules/stable/versions.json
[Modules] No module updates available.
[Modules] Checking for host updates.
[Modules] Host is up to date.
[Modules] Checking for module updates at https://discordapp.com/api/modules/stable/versions.json
[Modules] No module updates available.
[Modules] Checking for host updates.
[Modules] Host is up to date.
[Modules] Checking for module updates at https://discordapp.com/api/modules/stable/versions.json
[Modules] No module updates available.
[Modules] Checking for host updates.
[Modules] Host is up to date.
[Modules] Checking for module updates at https://discordapp.com/api/modules/stable/versions.json
[Modules] No module updates available.
[Modules] Checking for host updates.
[Modules] Host is up to date.
[Modules] Checking for module updates at https://discordapp.com/api/modules/stable/versions.json
[Modules] No module updates available.
[Modules] Checking for host updates.
[Modules] Host is up to date.
[Modules] Checking for module updates at https://discordapp.com/api/modules/stable/versions.json
[Modules] No module updates available.
[Modules] Checking for host updates.
[Modules] Host is up to date.
[Modules] Checking for module updates at https://discordapp.com/api/modules/stable/versions.json
[Modules] No module updates available.
[Modules] Checking for host updates.
[Modules] Host is up to date.
[Modules] Checking for module updates at https://discordapp.com/api/modules/stable/versions.json
[Modules] No module updates available.
[Modules] Checking for host updates.
[Modules] Host is up to date.
[Modules] Checking for module updates at https://discordapp.com/api/modules/stable/versions.json
[Modules] No module updates available.
